<?xml version="1.0" encoding="UTF-8"?>
<testsuite name="org.blogdemo.demoBilling.RouteTest" time="23.285" tests="1" errors="0" skipped="0" failures="1">
  <properties>
[...]
</properties>
  <testcase name="testRoute" classname="org.blogdemo.demoBilling.RouteTest" time="23.285">
    <failure message="mock://result Received message count 0, expected at least 1" type="java.lang.AssertionError">java.lang.AssertionError: mock://result Received message count 0, expected at least 1
	at org.apache.camel.component.mock.MockEndpoint.fail(MockEndpoint.java:1333)
	at org.apache.camel.component.mock.MockEndpoint.assertTrue(MockEndpoint.java:1321)
	at org.apache.camel.component.mock.MockEndpoint.doAssertIsSatisfied(MockEndpoint.java:390)
	at org.apache.camel.component.mock.MockEndpoint.assertIsSatisfied(MockEndpoint.java:362)
	at org.apache.camel.component.mock.MockEndpoint.assertIsSatisfied(MockEndpoint.java:350)
	at org.apache.camel.component.mock.MockEndpoint.assertIsSatisfied(MockEndpoint.java:188)
	at org.apache.camel.test.junit4.CamelTestSupport.assertMockEndpointsSatisfied(CamelTestSupport.java:675)
	at org.blogdemo.demoBilling.RouteTest.testRoute(RouteTest.java:21)
</failure>
    <system-out><![CDATA[[                          main] CamelBlueprintHelper           INFO  Using Blueprint XML file: /Users/christina/workspace/fuseOnOSE/demoBilling/target/classes/OSGI-INF/blueprint/blueprint.xml
[                      Thread-0] RawBuilder                     INFO  Copy thread finished.
[                          main] Activator                      INFO  Camel activator starting
[                          main] Activator                      INFO  Camel activator started
[                          main] BlueprintExtender              INFO  No quiesce support is available, so blueprint components will not participate in quiesce operations
[         Blueprint Extender: 1] BlueprintContainerImpl         INFO  Bundle demoBilling is waiting for namespace handlers [http://camel.apache.org/schema/blueprint]
[                          main] RouteTest                      INFO  ********************************************************************************
[                          main] RouteTest                      INFO  Testing: testRoute(org.blogdemo.demoBilling.RouteTest)
[                          main] RouteTest                      INFO  ********************************************************************************
[         Blueprint Extender: 1] BlueprintContainerImpl         INFO  Bundle RouteTest is waiting for namespace handlers [http://camel.apache.org/schema/blueprint]
[                          main] RouteTest                      INFO  Skipping starting CamelContext as system property skipStartingCamelContext is set to be true.
[                          main] BlueprintCamelContext          INFO  Apache Camel 2.12.0.redhat-610379 (CamelContext: blueprintContext) is starting
[                          main] DefaultManagementStrategy      INFO  JMX is disabled
[                          main] BlueprintCamelContext          INFO  AllowUseOriginalMessage is enabled. If access to the original message is not needed, then its recommended to turn this option off as it may improve performance.
[                          main] BlueprintCamelContext          INFO  StreamCaching is not in use. If using streams then its recommended to enable stream caching. See more details at http://camel.apache.org/stream-caching.html
[                          main] BlueprintCamelContext          INFO  Route: presistRoute started and consuming from: Endpoint[direct://presistDB]
[                          main] BlueprintCamelContext          INFO  Route: dbRoute started and consuming from: Endpoint[file://src/data?delete=true]
[                          main] BlueprintCamelContext          INFO  Route: dataRoute started and consuming from: Endpoint[timer://foo?period=5000]
[                          main] BlueprintCamelContext          INFO  Total 3 routes, of which 3 is started.
[                          main] BlueprintCamelContext          INFO  Apache Camel 2.12.0.redhat-610379 (CamelContext: blueprintContext) started in 0.414 seconds
[                          main] MockEndpoint                   INFO  Asserting: Endpoint[mock://result] is satisfied
[                          main] RouteTest                      INFO  ********************************************************************************
[                          main] RouteTest                      INFO  Testing done: testRoute(org.blogdemo.demoBilling.RouteTest)
[                          main] RouteTest                      INFO  Took: 10.427 seconds (10427 millis)
[                          main] RouteTest                      INFO  ********************************************************************************
[                          main] BlueprintCamelContext          INFO  Apache Camel 2.12.0.redhat-610379 (CamelContext: blueprintContext) is shutting down
[                          main] DefaultShutdownStrategy        INFO  Starting to graceful shutdown 3 routes (timeout 10 seconds)
[text) thread #2 - ShutdownTask] DefaultShutdownStrategy        INFO  Waiting as there are still 3 inflight and pending exchanges to complete, timeout in 10 seconds.
[text) thread #2 - ShutdownTask] DefaultShutdownStrategy        INFO  Waiting as there are still 3 inflight and pending exchanges to complete, timeout in 9 seconds.
[text) thread #2 - ShutdownTask] DefaultShutdownStrategy        INFO  Waiting as there are still 3 inflight and pending exchanges to complete, timeout in 8 seconds.
[text) thread #2 - ShutdownTask] DefaultShutdownStrategy        INFO  Waiting as there are still 3 inflight and pending exchanges to complete, timeout in 7 seconds.
[text) thread #2 - ShutdownTask] DefaultShutdownStrategy        INFO  Waiting as there are still 3 inflight and pending exchanges to complete, timeout in 6 seconds.
[text) thread #2 - ShutdownTask] DefaultShutdownStrategy        INFO  Waiting as there are still 3 inflight and pending exchanges to complete, timeout in 5 seconds.
[text) thread #2 - ShutdownTask] DefaultShutdownStrategy        INFO  Waiting as there are still 3 inflight and pending exchanges to complete, timeout in 4 seconds.
[text) thread #2 - ShutdownTask] DefaultShutdownStrategy        INFO  Waiting as there are still 3 inflight and pending exchanges to complete, timeout in 3 seconds.
[text) thread #2 - ShutdownTask] DefaultShutdownStrategy        INFO  Waiting as there are still 3 inflight and pending exchanges to complete, timeout in 2 seconds.
[text) thread #2 - ShutdownTask] DefaultShutdownStrategy        INFO  Waiting as there are still 3 inflight and pending exchanges to complete, timeout in 1 seconds.
[                          main] DefaultShutdownStrategy        WARN  Timeout occurred. Forcing the routes to be shutdown now.
[text) thread #2 - ShutdownTask] DefaultShutdownStrategy        WARN  Interrupted while waiting during graceful shutdown, will force shutdown now.
[text) thread #2 - ShutdownTask] DefaultShutdownStrategy        INFO  Route: dataRoute shutdown complete, was consuming from: Endpoint[timer://foo?period=5000]
[text) thread #2 - ShutdownTask] DefaultShutdownStrategy        INFO  Route: dbRoute shutdown complete, was consuming from: Endpoint[file://src/data?delete=true]
[                          main] DefaultShutdownStrategy        INFO  Graceful shutdown of 3 routes completed in 10 seconds
[text) thread #2 - ShutdownTask] DefaultShutdownStrategy        INFO  Route: presistRoute shutdown complete, was consuming from: Endpoint[direct://presistDB]
[                          main] DefaultInflightRepository      WARN  Shutting down while there are still 2 inflight exchanges.
[                          main] BlueprintCamelContext          INFO  Apache Camel 2.12.0.redhat-610379 (CamelContext: blueprintContext) uptime 20.439 seconds
[                          main] BlueprintCamelContext          INFO  Apache Camel 2.12.0.redhat-610379 (CamelContext: blueprintContext) is shutdown in 10.011 seconds
[                          main] BlueprintExtender              INFO  Destroying BlueprintContainer for bundle RouteTest
[                          main] BlueprintExtender              INFO  Destroying BlueprintContainer for bundle demoBilling
[                          main] BlueprintCamelContext          INFO  Apache Camel 2.12.0.redhat-610379 (CamelContext: blueprintContext) is shutting down
[                          main] BlueprintCamelContext          INFO  Apache Camel 2.12.0.redhat-610379 (CamelContext: blueprintContext) uptime not started
[                          main] BlueprintCamelContext          INFO  Apache Camel 2.12.0.redhat-610379 (CamelContext: blueprintContext) is shutdown in 0.001 seconds
[                          main] BlueprintExtender              INFO  Destroying BlueprintContainer for bundle org.apache.aries.blueprint
[                          main] BlueprintExtender              INFO  Destroying BlueprintContainer for bundle org.apache.camel.camel-blueprint
[                          main] Activator                      INFO  Camel activator stopping
[                          main] Activator                      INFO  Camel activator stopped
[                          main] CamelBlueprintHelper           INFO  Deleting work directory target/bundles/1408786484998
]]></system-out>
  </testcase>
</testsuite>